[2019-05-11 13:53:12] request.INFO: Matched route "admin_module_manage". {"route":"admin_module_manage","route_parameters":{"category":null,"keyword":null,"_controller":"PrestaShopBundle\\Controller\\Admin\\ModuleController::manageAction","_legacy_controller":"AdminModulesManage","_route":"admin_module_manage"},"request_uri":"http://localhost/mifinanciera/adminmifi/index.php/module/manage?_token=yYKm-tbHLB-Tk10DTZDmvyKc0HiKG-Ip92mWN26ogCA","method":"GET"} []
[2019-05-11 13:53:12] security.DEBUG: Read existing security token from the session. {"key":"_security_main","token_class":"Symfony\\Component\\Security\\Core\\Authentication\\Token\\UsernamePasswordToken"} []
[2019-05-11 13:53:12] security.DEBUG: User was reloaded from a user provider. {"provider":"PrestaShopBundle\\Security\\Admin\\EmployeeProvider","username":"admin@admin.com"} []
[2019-05-11 13:53:18] app.ERROR: Data from PrestaShop Addons is invalid, and cannot fallback on cache.  {"exception":"cURL error 28: Operation timed out after 5000 milliseconds with 234707 bytes received"} []
[2019-05-11 13:53:20] security.DEBUG: Stored the security token in the session. {"key":"_security_main"} []
[2019-05-11 13:53:21] request.INFO: Matched route "admin_module_notification_count". {"route":"admin_module_notification_count","route_parameters":{"_controller":"PrestaShopBundle\\Controller\\Admin\\ModuleController::notificationsCountAction","_legacy_controller":"AdminModulesNotifications","_route":"admin_module_notification_count"},"request_uri":"http://localhost/mifinanciera/adminmifi/index.php/module/notifications/count?_token=yYKm-tbHLB-Tk10DTZDmvyKc0HiKG-Ip92mWN26ogCA","method":"GET"} []
[2019-05-11 13:53:21] security.DEBUG: Read existing security token from the session. {"key":"_security_main","token_class":"Symfony\\Component\\Security\\Core\\Authentication\\Token\\UsernamePasswordToken"} []
[2019-05-11 13:53:21] security.DEBUG: User was reloaded from a user provider. {"provider":"PrestaShopBundle\\Security\\Admin\\EmployeeProvider","username":"admin@admin.com"} []
[2019-05-11 13:53:26] app.ERROR: Data from PrestaShop Addons is invalid, and cannot fallback on cache.  {"exception":"cURL error 28: Operation timed out after 5000 milliseconds with 362723 bytes received"} []
[2019-05-11 13:53:26] security.DEBUG: Stored the security token in the session. {"key":"_security_main"} []
[2019-05-11 13:53:32] request.INFO: Matched route "admin_module_catalog_refresh". {"route":"admin_module_catalog_refresh","route_parameters":{"category":null,"keyword":null,"_controller":"PrestaShopBundle\\Controller\\Admin\\ModuleController::refreshCatalogAction","_legacy_controller":"AdminModulesCatalog","_route":"admin_module_catalog_refresh"},"request_uri":"http://localhost/mifinanciera/adminmifi/index.php/module/catalog/refresh?_token=yYKm-tbHLB-Tk10DTZDmvyKc0HiKG-Ip92mWN26ogCA","method":"GET"} []
[2019-05-11 13:53:32] security.DEBUG: Read existing security token from the session. {"key":"_security_main","token_class":"Symfony\\Component\\Security\\Core\\Authentication\\Token\\UsernamePasswordToken"} []
[2019-05-11 13:53:32] security.DEBUG: User was reloaded from a user provider. {"provider":"PrestaShopBundle\\Security\\Admin\\EmployeeProvider","username":"admin@admin.com"} []
[2019-05-11 13:53:37] app.ERROR: Data from PrestaShop Addons is invalid, and cannot fallback on cache.  {"exception":"cURL error 28: Operation timed out after 5000 milliseconds with 304507 bytes received"} []
[2019-05-11 13:53:37] security.DEBUG: Stored the security token in the session. {"key":"_security_main"} []
[2019-05-11 13:53:32] request.INFO: Matched route "admin_module_notification_count". {"route":"admin_module_notification_count","route_parameters":{"_controller":"PrestaShopBundle\\Controller\\Admin\\ModuleController::notificationsCountAction","_legacy_controller":"AdminModulesNotifications","_route":"admin_module_notification_count"},"request_uri":"http://localhost/mifinanciera/adminmifi/index.php/module/notifications/count?_token=yYKm-tbHLB-Tk10DTZDmvyKc0HiKG-Ip92mWN26ogCA","method":"GET"} []
[2019-05-11 13:53:37] security.DEBUG: Read existing security token from the session. {"key":"_security_main","token_class":"Symfony\\Component\\Security\\Core\\Authentication\\Token\\UsernamePasswordToken"} []
[2019-05-11 13:53:37] security.DEBUG: User was reloaded from a user provider. {"provider":"PrestaShopBundle\\Security\\Admin\\EmployeeProvider","username":"admin@admin.com"} []
[2019-05-11 13:53:43] app.ERROR: Data from PrestaShop Addons is invalid, and cannot fallback on cache.  {"exception":"cURL error 28: Operation timed out after 5000 milliseconds with 106700 bytes received"} []
[2019-05-11 13:53:43] security.DEBUG: Stored the security token in the session. {"key":"_security_main"} []
[2019-05-11 14:18:11] request.INFO: Matched route "admin_module_manage". {"route":"admin_module_manage","route_parameters":{"category":null,"keyword":null,"_controller":"PrestaShopBundle\\Controller\\Admin\\ModuleController::manageAction","_legacy_controller":"AdminModulesManage","_route":"admin_module_manage"},"request_uri":"http://localhost/mifinanciera/adminmifi/index.php/module/manage?_token=yYKm-tbHLB-Tk10DTZDmvyKc0HiKG-Ip92mWN26ogCA","method":"GET"} []
[2019-05-11 14:18:11] security.DEBUG: Read existing security token from the session. {"key":"_security_main","token_class":"Symfony\\Component\\Security\\Core\\Authentication\\Token\\UsernamePasswordToken"} []
[2019-05-11 14:18:11] security.DEBUG: User was reloaded from a user provider. {"provider":"PrestaShopBundle\\Security\\Admin\\EmployeeProvider","username":"admin@admin.com"} []
[2019-05-11 14:18:16] app.ERROR: Data from PrestaShop Addons is invalid, and cannot fallback on cache.  {"exception":"cURL error 28: Operation timed out after 5000 milliseconds with 239051 bytes received"} []
[2019-05-11 14:18:25] request.INFO: Matched route "admin_module_manage". {"route":"admin_module_manage","route_parameters":{"category":null,"keyword":null,"_controller":"PrestaShopBundle\\Controller\\Admin\\ModuleController::manageAction","_legacy_controller":"AdminModulesManage","_route":"admin_module_manage"},"request_uri":"http://localhost/mifinanciera/adminmifi/index.php/module/manage?_token=yYKm-tbHLB-Tk10DTZDmvyKc0HiKG-Ip92mWN26ogCA","method":"GET"} []
[2019-05-11 14:18:25] security.DEBUG: Read existing security token from the session. {"key":"_security_main","token_class":"Symfony\\Component\\Security\\Core\\Authentication\\Token\\UsernamePasswordToken"} []
[2019-05-11 14:18:25] security.DEBUG: User was reloaded from a user provider. {"provider":"PrestaShopBundle\\Security\\Admin\\EmployeeProvider","username":"admin@admin.com"} []
[2019-05-11 14:18:31] app.ERROR: Data from PrestaShop Addons is invalid, and cannot fallback on cache.  {"exception":"cURL error 28: Connection timed out after 5000 milliseconds"} []
[2019-05-11 14:18:31] security.DEBUG: Stored the security token in the session. {"key":"_security_main"} []
[2019-05-11 17:51:37] request.CRITICAL: Uncaught PHP Exception Symfony\Component\Debug\Exception\ClassNotFoundException: "Attempted to load class "TipoDocumentoLegal" from the global namespace. Did you forget a "use" statement?" at C:\laragon\www\mifinanciera\controllers\admin\AdminCustomersController.php line 353 {"exception":"[object] (Symfony\\Component\\Debug\\Exception\\ClassNotFoundException(code: 0): Attempted to load class \"TipoDocumentoLegal\" from the global namespace.\nDid you forget a \"use\" statement? at C:\\laragon\\www\\mifinanciera\\controllers\\admin\\AdminCustomersController.php:353)"} []
[2019-05-11 17:52:26] request.CRITICAL: Uncaught PHP Exception Symfony\Component\Debug\Exception\ClassNotFoundException: "Attempted to load class "TipoDocumentoLegal" from the global namespace. Did you forget a "use" statement?" at C:\laragon\www\mifinanciera\controllers\admin\AdminCustomersController.php line 353 {"exception":"[object] (Symfony\\Component\\Debug\\Exception\\ClassNotFoundException(code: 0): Attempted to load class \"TipoDocumentoLegal\" from the global namespace.\nDid you forget a \"use\" statement? at C:\\laragon\\www\\mifinanciera\\controllers\\admin\\AdminCustomersController.php:353)"} []
[2019-05-11 17:53:06] request.CRITICAL: Uncaught PHP Exception Symfony\Component\Debug\Exception\ClassNotFoundException: "Attempted to load class "TipoDocumentoLegal" from the global namespace. Did you forget a "use" statement?" at C:\laragon\www\mifinanciera\controllers\admin\AdminCustomersController.php line 353 {"exception":"[object] (Symfony\\Component\\Debug\\Exception\\ClassNotFoundException(code: 0): Attempted to load class \"TipoDocumentoLegal\" from the global namespace.\nDid you forget a \"use\" statement? at C:\\laragon\\www\\mifinanciera\\controllers\\admin\\AdminCustomersController.php:353)"} []
[2019-05-11 17:53:30] request.CRITICAL: Uncaught PHP Exception Symfony\Component\Debug\Exception\ClassNotFoundException: "Attempted to load class "TipoDocumentoLegal" from the global namespace. Did you forget a "use" statement?" at C:\laragon\www\mifinanciera\controllers\admin\AdminCustomersController.php line 353 {"exception":"[object] (Symfony\\Component\\Debug\\Exception\\ClassNotFoundException(code: 0): Attempted to load class \"TipoDocumentoLegal\" from the global namespace.\nDid you forget a \"use\" statement? at C:\\laragon\\www\\mifinanciera\\controllers\\admin\\AdminCustomersController.php:353)"} []
[2019-05-11 17:53:35] request.CRITICAL: Uncaught PHP Exception Symfony\Component\Debug\Exception\ClassNotFoundException: "Attempted to load class "TipoDocumentoLegal" from the global namespace. Did you forget a "use" statement?" at C:\laragon\www\mifinanciera\controllers\admin\AdminCustomersController.php line 353 {"exception":"[object] (Symfony\\Component\\Debug\\Exception\\ClassNotFoundException(code: 0): Attempted to load class \"TipoDocumentoLegal\" from the global namespace.\nDid you forget a \"use\" statement? at C:\\laragon\\www\\mifinanciera\\controllers\\admin\\AdminCustomersController.php:353)"} []
